<?xml version="1.0" encoding="UTF-8"?>
<!-- Generated by org.testng.reporters.JUnitXMLReporter -->
<testsuite ignored="1" hostname="Ankit" failures="0" tests="3" name="Test" time="0.078" errors="0" timestamp="2023-01-15T14:09:47 IST">
  <testcase classname="com.groups.Test1" name="test1" time="0.017"/>
  <testcase classname="com.groups.Test1" name="test2" time="0.002"/>
  <testcase classname="com.groups.Test1" name="test4" time="0.002"/>
  <testcase classname="com.groups.Test1" name="test3" time="0.0">
    <ignored/>
  </testcase> <!-- test3 -->
</testsuite> <!-- Test -->
