<?xml version="1.0" encoding="UTF-8"?>
<!-- Generated by org.testng.reporters.JUnitXMLReporter -->
<testsuite ignored="3" hostname="Ankit" failures="0" tests="0" time="0.001" errors="0" timestamp="2023-01-14T22:05:49 IST">
  <testcase classname="com.ignore.Test2" name="test1" time="0.0">
    <ignored/>
  </testcase> <!-- test1 -->
  <testcase classname="com.ignore.Test2" name="test3" time="0.0">
    <ignored/>
  </testcase> <!-- test3 -->
  <testcase classname="com.ignore.Test2" name="test2" time="0.0">
    <ignored/>
  </testcase> <!-- test2 -->
</testsuite>
