<?xml version="1.0" encoding="UTF-8"?>
<!-- Generated by org.testng.reporters.JUnitXMLReporter -->
<testsuite ignored="5" hostname="Ankit" failures="0" tests="3" name="stagging" time="0.081" errors="0" timestamp="2023-01-15T14:50:16 IST">
  <testcase classname="com.groups.NewTest2" name="test6" time="0.014"/>
  <testcase classname="com.groups.NewTest2" name="test7" time="0.002"/>
  <testcase classname="com.groups.NewTest2" name="test8" time="0.003"/>
  <testcase classname="com.groups.Test1" name="test3" time="0.0">
    <ignored/>
  </testcase> <!-- test3 -->
  <testcase classname="com.groups.Test1" name="test2" time="0.0">
    <ignored/>
  </testcase> <!-- test2 -->
  <testcase classname="com.groups.Test1" name="test4" time="0.0">
    <ignored/>
  </testcase> <!-- test4 -->
  <testcase classname="com.groups.Test1" name="test1" time="0.0">
    <ignored/>
  </testcase> <!-- test1 -->
  <testcase classname="com.groups.NewTest2" name="test5" time="0.0">
    <ignored/>
  </testcase> <!-- test5 -->
</testsuite> <!-- stagging -->
