<?xml version="1.0" encoding="UTF-8"?>
<!-- Generated by org.testng.reporters.JUnitXMLReporter -->
<testsuite ignored="0" hostname="Ankit" failures="1" tests="1" name="Default test" time="5.19" errors="0" timestamp="2022-12-01T14:16:34 IST">
  <testcase classname="Com.Appname.Tests.LogInTest" name="logIn" time="4.667">
    <failure type="org.openqa.selenium.WebDriverException" message="unknown error: net::ERR_INTERNET_DISCONNECTED
  (Session info: MicrosoftEdge=107.0.1418.62)
Build info: version: &amp;apos;4.4.0&amp;apos;, revision: &amp;apos;e5c75ed026a&amp;apos;
System info: host: &amp;apos;ANKIT&amp;apos;, ip: &amp;apos;127.0.0.1&amp;apos;, os.name: &amp;apos;Windows 11&amp;apos;, os.arch: &amp;apos;amd64&amp;apos;, os.version: &amp;apos;10.0&amp;apos;, java.version: &amp;apos;18.0.2&amp;apos;
Driver info: org.openqa.selenium.edge.EdgeDriver
Command: [a664e61a01269d893b401bcceb8882dd, get {url=https://opensource-demo.orangehrmlive.com/web/index.php/auth/login}]
Capabilities {acceptInsecureCerts: false, browserName: msedge, browserVersion: 107.0.1418.62, ms:edgeOptions: {debuggerAddress: localhost:65052}, msedge: {msedgedriverVersion: 107.0.1418.26 (801aa30e9054..., userDataDir: C:\Users\ANKITY~1\AppData\L...}, networkConnectionEnabled: false, pageLoadStrategy: normal, platformName: WINDOWS, proxy: Proxy(), se:cdp: ws://localhost:65052/devtoo..., se:cdpVersion: 107.0.1418.62, setWindowRect: true, strictFileInteractability: false, timeouts: {implicit: 0, pageLoad: 300000, script: 30000}, unhandledPromptBehavior: dismiss and notify, webauthn:extension:credBlob: true, webauthn:extension:largeBlob: true, webauthn:virtualAuthenticators: true}
Session ID: a664e61a01269d893b401bcceb8882dd">
      <![CDATA[org.openqa.selenium.WebDriverException: unknown error: net::ERR_INTERNET_DISCONNECTED
  (Session info: MicrosoftEdge=107.0.1418.62)
Build info: version: '4.4.0', revision: 'e5c75ed026a'
System info: host: 'ANKIT', ip: '127.0.0.1', os.name: 'Windows 11', os.arch: 'amd64', os.version: '10.0', java.version: '18.0.2'
Driver info: org.openqa.selenium.edge.EdgeDriver
Command: [a664e61a01269d893b401bcceb8882dd, get {url=https://opensource-demo.orangehrmlive.com/web/index.php/auth/login}]
Capabilities {acceptInsecureCerts: false, browserName: msedge, browserVersion: 107.0.1418.62, ms:edgeOptions: {debuggerAddress: localhost:65052}, msedge: {msedgedriverVersion: 107.0.1418.26 (801aa30e9054..., userDataDir: C:\Users\ANKITY~1\AppData\L...}, networkConnectionEnabled: false, pageLoadStrategy: normal, platformName: WINDOWS, proxy: Proxy(), se:cdp: ws://localhost:65052/devtoo..., se:cdpVersion: 107.0.1418.62, setWindowRect: true, strictFileInteractability: false, timeouts: {implicit: 0, pageLoad: 300000, script: 30000}, unhandledPromptBehavior: dismiss and notify, webauthn:extension:credBlob: true, webauthn:extension:largeBlob: true, webauthn:virtualAuthenticators: true}
Session ID: a664e61a01269d893b401bcceb8882dd
at java.base/jdk.internal.reflect.DirectConstructorHandleAccessor.newInstance(DirectConstructorHandleAccessor.java:67)
at java.base/java.lang.reflect.Constructor.newInstanceWithCaller(Constructor.java:499)
at java.base/java.lang.reflect.Constructor.newInstance(Constructor.java:483)
at org.openqa.selenium.remote.codec.w3c.W3CHttpResponseCodec.createException(W3CHttpResponseCodec.java:200)
at org.openqa.selenium.remote.codec.w3c.W3CHttpResponseCodec.decode(W3CHttpResponseCodec.java:133)
at org.openqa.selenium.remote.codec.w3c.W3CHttpResponseCodec.decode(W3CHttpResponseCodec.java:53)
at org.openqa.selenium.remote.HttpCommandExecutor.execute(HttpCommandExecutor.java:184)
at org.openqa.selenium.remote.service.DriverCommandExecutor.invokeExecute(DriverCommandExecutor.java:167)
at org.openqa.selenium.remote.service.DriverCommandExecutor.execute(DriverCommandExecutor.java:142)
at org.openqa.selenium.remote.RemoteWebDriver.execute(RemoteWebDriver.java:547)
at org.openqa.selenium.remote.RemoteWebDriver.get(RemoteWebDriver.java:310)
at Com.Appname.Basepage.BaseTest.openUrl(BaseTest.java:41)
at Com.Appname.Tests.LogInTest.logIn(LogInTest.java:52)
at java.base/jdk.internal.reflect.DirectMethodHandleAccessor.invoke(DirectMethodHandleAccessor.java:104)
at java.base/java.lang.reflect.Method.invoke(Method.java:577)
at org.testng.internal.MethodInvocationHelper.invokeMethod(MethodInvocationHelper.java:133)
at org.testng.internal.TestInvoker.invokeMethod(TestInvoker.java:598)
at org.testng.internal.TestInvoker.invokeTestMethod(TestInvoker.java:173)
at org.testng.internal.MethodRunner.runInSequence(MethodRunner.java:46)
at org.testng.internal.TestInvoker$MethodInvocationAgent.invoke(TestInvoker.java:824)
at org.testng.internal.TestInvoker.invokeTestMethods(TestInvoker.java:146)
at org.testng.internal.TestMethodWorker.invokeTestMethods(TestMethodWorker.java:146)
at org.testng.internal.TestMethodWorker.run(TestMethodWorker.java:128)
at java.base/java.util.ArrayList.forEach(ArrayList.java:1511)
at org.testng.TestRunner.privateRun(TestRunner.java:794)
at org.testng.TestRunner.run(TestRunner.java:596)
at org.testng.SuiteRunner.runTest(SuiteRunner.java:377)
at org.testng.SuiteRunner.runSequentially(SuiteRunner.java:371)
at org.testng.SuiteRunner.privateRun(SuiteRunner.java:332)
at org.testng.SuiteRunner.run(SuiteRunner.java:276)
at org.testng.SuiteRunnerWorker.runSuite(SuiteRunnerWorker.java:53)
at org.testng.SuiteRunnerWorker.run(SuiteRunnerWorker.java:96)
at org.testng.TestNG.runSuitesSequentially(TestNG.java:1212)
at org.testng.TestNG.runSuitesLocally(TestNG.java:1134)
at org.testng.TestNG.runSuites(TestNG.java:1063)
at org.testng.TestNG.run(TestNG.java:1031)
at org.testng.remote.AbstractRemoteTestNG.run(AbstractRemoteTestNG.java:115)
at org.testng.remote.RemoteTestNG.initAndRun(RemoteTestNG.java:251)
at org.testng.remote.RemoteTestNG.main(RemoteTestNG.java:77)
]]>
    </failure>
  </testcase> <!-- logIn -->
</testsuite> <!-- Default test -->
