<?xml version="1.0" encoding="UTF-8"?>
<testng-results ignored="0" total="1" passed="1" failed="0" skipped="0">
  <reporter-output>
  </reporter-output>
  <suite started-at="2022-12-01T14:56:54 IST" name="Suite" finished-at="2022-12-01T14:57:10 IST" duration-ms="16886">
    <groups>
    </groups>
    <test started-at="2022-12-01T14:56:54 IST" name="Test" finished-at="2022-12-01T14:57:10 IST" duration-ms="16886">
      <class name="Com.Appname.Tests.LogInTest">
        <test-method is-config="true" signature="setUp()[pri:0, instance:Com.Appname.Tests.LogInTest@3943a2be]" started-at="2022-12-01T14:56:54 IST" name="setUp" finished-at="2022-12-01T14:56:54 IST" duration-ms="6" status="PASS">
          <reporter-output>
          </reporter-output>
        </test-method> <!-- setUp -->
        <test-method signature="logIn()[pri:1, instance:Com.Appname.Tests.LogInTest@3943a2be]" started-at="2022-12-01T14:56:54 IST" name="logIn" finished-at="2022-12-01T14:57:10 IST" duration-ms="16431" status="PASS">
          <reporter-output>
          </reporter-output>
        </test-method> <!-- logIn -->
        <test-method is-config="true" signature="written()[pri:0, instance:Com.Appname.Tests.LogInTest@3943a2be]" started-at="2022-12-01T14:57:10 IST" name="written" finished-at="2022-12-01T14:57:10 IST" duration-ms="399" status="PASS">
          <reporter-output>
          </reporter-output>
        </test-method> <!-- written -->
      </class> <!-- Com.Appname.Tests.LogInTest -->
    </test> <!-- Test -->
  </suite> <!-- Suite -->
</testng-results>
