<?xml version="1.0" encoding="UTF-8"?>
<testng-results ignored="0" total="1" passed="1" failed="0" skipped="0">
  <reporter-output>
  </reporter-output>
  <suite started-at="2023-01-22T22:47:53 IST" name="Default suite" finished-at="2023-01-22T22:47:58 IST" duration-ms="5698">
    <groups>
    </groups>
    <test started-at="2023-01-22T22:47:53 IST" name="Default test" finished-at="2023-01-22T22:47:58 IST" duration-ms="5698">
      <class name="Wait_class.Theory">
        <test-method signature="main()[pri:0, instance:Wait_class.Theory@4d5b6aac]" started-at="2023-01-22T22:47:53 IST" name="main" finished-at="2023-01-22T22:47:58 IST" duration-ms="5636" status="PASS">
          <reporter-output>
          </reporter-output>
        </test-method> <!-- main -->
      </class> <!-- Wait_class.Theory -->
    </test> <!-- Default test -->
  </suite> <!-- Default suite -->
</testng-results>
